launcher/build/intermediates/manifest_merge_blame_file/debug/manifest-merger-blame-debug-report.txt
1<?xml version="1.0" encoding="utf-8"?>
2<!-- GENERATED BY UNITY. REMOVE THIS COMMENT TO PREVENT OVERWRITING WHEN EXPORTING AGAIN -->
3<manifest xmlns:android="http://schemas.android.com/apk/res/android"
4    package="com.Tanmay.ARone"
5    android:installLocation="preferExternal"
6    android:versionCode="1"
7    android:versionName="1.0" >
8
9    <uses-sdk
10        android:minSdkVersion="24"
10-->src\main\AndroidManifest.xml
11        android:targetSdkVersion="30" />
11-->src\main\AndroidManifest.xml
12
13    <supports-screens
13-->src\main\AndroidManifest.xml:4:3-163
14        android:anyDensity="true"
14-->src\main\AndroidManifest.xml:4:135-160
15        android:largeScreens="true"
15-->src\main\AndroidManifest.xml:4:78-105
16        android:normalScreens="true"
16-->src\main\AndroidManifest.xml:4:49-77
17        android:smallScreens="true"
17-->src\main\AndroidManifest.xml:4:21-48
18        android:xlargeScreens="true" />
18-->src\main\AndroidManifest.xml:4:106-134
19
20    <uses-feature android:glEsVersion="0x00020000" />
20-->[:unityLibrary] AndroidManifest.xml:13:5-54
20-->[:unityLibrary] AndroidManifest.xml:13:19-51
21
22    <uses-permission android:name="android.permission.INTERNET" />
22-->[:unityLibrary] AndroidManifest.xml:15:5-67
22-->[:unityLibrary] AndroidManifest.xml:15:22-64
23    <uses-permission android:name="android.permission.CAMERA" />
23-->[:unityLibrary] AndroidManifest.xml:16:5-65
23-->[:unityLibrary] AndroidManifest.xml:16:22-62
24
25    <uses-feature
25-->[:unityLibrary] AndroidManifest.xml:18:5-20:36
26        android:name="android.hardware.camera"
26-->[:unityLibrary] AndroidManifest.xml:19:9-47
27        android:required="true" />
27-->[:unityLibrary] AndroidManifest.xml:20:9-33
28    <uses-feature
28-->[:unityLibrary] AndroidManifest.xml:21:5-23:36
29        android:name="android.hardware.camera.autofocus"
29-->[:unityLibrary] AndroidManifest.xml:22:9-57
30        android:required="false" />
30-->[:unityLibrary] AndroidManifest.xml:23:9-33
31    <uses-feature
31-->[:unityLibrary] AndroidManifest.xml:24:5-26:36
32        android:name="android.hardware.camera.front"
32-->[:unityLibrary] AndroidManifest.xml:25:9-53
33        android:required="false" />
33-->[:unityLibrary] AndroidManifest.xml:26:9-33
34    <uses-feature
34-->[:unityLibrary] AndroidManifest.xml:27:5-29:36
35        android:name="android.hardware.touchscreen"
35-->[:unityLibrary] AndroidManifest.xml:28:9-52
36        android:required="false" />
36-->[:unityLibrary] AndroidManifest.xml:29:9-33
37    <uses-feature
37-->[:unityLibrary] AndroidManifest.xml:30:5-32:36
38        android:name="android.hardware.touchscreen.multitouch"
38-->[:unityLibrary] AndroidManifest.xml:31:9-63
39        android:required="false" />
39-->[:unityLibrary] AndroidManifest.xml:32:9-33
40    <uses-feature
40-->[:unityLibrary] AndroidManifest.xml:33:5-35:36
41        android:name="android.hardware.touchscreen.multitouch.distinct"
41-->[:unityLibrary] AndroidManifest.xml:34:9-72
42        android:required="false" />
42-->[:unityLibrary] AndroidManifest.xml:35:9-33
43    <uses-feature
43-->[:unityLibrary] AndroidManifest.xml:36:5-38:35
44        android:name="android.hardware.camera.ar"
44-->[:unityLibrary] AndroidManifest.xml:37:9-50
45        android:required="true" />
45-->[:unityLibrary] AndroidManifest.xml:38:9-32
46    <uses-feature
46-->[:unityLibrary] AndroidManifest.xml:39:5-41:35
47        android:name="com.google.ar.core.depth"
47-->[:unityLibrary] AndroidManifest.xml:40:9-48
48        android:required="true" />
48-->[:unityLibrary] AndroidManifest.xml:41:9-32
49
50    <queries>
50-->[:arcore_client:] AndroidManifest.xml:29:5-31:15
51        <package android:name="com.google.ar.core" />
51-->[:arcore_client:] AndroidManifest.xml:30:9-54
51-->[:arcore_client:] AndroidManifest.xml:30:18-51
52    </queries>
53
54    <uses-permission android:name="android.permission.ACCESS_NETWORK_STATE" />
54-->[:VuforiaWrapper:] AndroidManifest.xml:13:5-79
54-->[:VuforiaWrapper:] AndroidManifest.xml:13:22-76
55
56    <application
56-->src\main\AndroidManifest.xml:5:3-119
57        android:debuggable="true"
58        android:extractNativeLibs="true"
58-->src\main\AndroidManifest.xml:5:16-48
59        android:icon="@mipmap/ic_launcher"
59-->src\main\AndroidManifest.xml:5:82-116
60        android:label="@string/app_name" >
60-->src\main\AndroidManifest.xml:5:49-81
61        <activity
61-->[:unityLibrary] AndroidManifest.xml:44:9-63:20
62            android:name="com.unity3d.player.UnityPlayerActivity"
62-->[:unityLibrary] AndroidManifest.xml:45:13-66
63            android:configChanges="mcc|mnc|locale|touchscreen|keyboard|keyboardHidden|navigation|orientation|screenLayout|uiMode|screenSize|smallestScreenSize|fontScale|layoutDirection|density"
63-->[:unityLibrary] AndroidManifest.xml:46:13-194
64            android:hardwareAccelerated="false"
64-->[:unityLibrary] AndroidManifest.xml:47:13-48
65            android:launchMode="singleTask"
65-->[:unityLibrary] AndroidManifest.xml:48:13-44
66            android:screenOrientation="landscape"
66-->[:unityLibrary] AndroidManifest.xml:49:13-50
67            android:theme="@style/UnityThemeSelector" >
67-->[:unityLibrary] AndroidManifest.xml:50:13-54
68            <intent-filter>
68-->[:unityLibrary] AndroidManifest.xml:51:13-55:29
69                <action android:name="android.intent.action.MAIN" />
69-->[:unityLibrary] AndroidManifest.xml:52:17-69
69-->[:unityLibrary] AndroidManifest.xml:52:25-66
70
71                <category android:name="android.intent.category.LAUNCHER" />
71-->[:unityLibrary] AndroidManifest.xml:54:17-77
71-->[:unityLibrary] AndroidManifest.xml:54:27-74
72            </intent-filter>
73
74            <meta-data
74-->[:unityLibrary] AndroidManifest.xml:57:13-59:40
75                android:name="unityplayer.UnityActivity"
75-->[:unityLibrary] AndroidManifest.xml:58:17-57
76                android:value="true" />
76-->[:unityLibrary] AndroidManifest.xml:59:17-37
77            <meta-data
77-->[:unityLibrary] AndroidManifest.xml:60:13-62:40
78                android:name="android.notch_support"
78-->[:unityLibrary] AndroidManifest.xml:61:17-53
79                android:value="true" />
79-->[:unityLibrary] AndroidManifest.xml:62:17-37
80        </activity>
81
82        <meta-data
82-->[:unityLibrary] AndroidManifest.xml:65:9-67:33
83            android:name="unity.splash-mode"
83-->[:unityLibrary] AndroidManifest.xml:66:13-45
84            android:value="0" />
84-->[:unityLibrary] AndroidManifest.xml:67:13-30
85        <meta-data
85-->[:unityLibrary] AndroidManifest.xml:68:9-70:36
86            android:name="unity.splash-enable"
86-->[:unityLibrary] AndroidManifest.xml:69:13-47
87            android:value="True" />
87-->[:unityLibrary] AndroidManifest.xml:70:13-33
88        <meta-data
88-->[:unityLibrary] AndroidManifest.xml:71:9-73:50
89            android:name="notch.config"
89-->[:unityLibrary] AndroidManifest.xml:72:13-40
90            android:value="portrait|landscape" />
90-->[:unityLibrary] AndroidManifest.xml:73:13-47
91        <meta-data
91-->[:unityLibrary] AndroidManifest.xml:74:9-76:68
92            android:name="unity.build-id"
92-->[:unityLibrary] AndroidManifest.xml:75:13-42
93            android:value="6f3270b7-ff13-4f61-a82a-21dd53c61647" />
93-->[:unityLibrary] AndroidManifest.xml:76:13-65
94        <meta-data
94-->[:unityLibrary] AndroidManifest.xml:77:9-79:40
95            android:name="com.google.ar.core"
95-->[:unityLibrary] AndroidManifest.xml:78:13-46
96            android:value="required" />
96-->[:unityLibrary] AndroidManifest.xml:79:13-37
97        <meta-data
97-->[:unityLibrary] AndroidManifest.xml:80:9-82:36
98            android:name="unityplayer.SkipPermissionsDialog"
98-->[:unityLibrary] AndroidManifest.xml:81:13-61
99            android:value="true" /> <!-- The minimal version code of ARCore APK required for an app using this SDK. -->
99-->[:unityLibrary] AndroidManifest.xml:82:13-33
100        <meta-data
100-->[:arcore_client:] AndroidManifest.xml:36:9-38:41
101            android:name="com.google.ar.core.min_apk_version"
101-->[:arcore_client:] AndroidManifest.xml:37:13-62
102            android:value="202940000" /> <!-- This activity is critical for installing ARCore when it is not already present. -->
102-->[:arcore_client:] AndroidManifest.xml:38:13-38
103        <activity
103-->[:arcore_client:] AndroidManifest.xml:40:9-46:80
104            android:name="com.google.ar.core.InstallActivity"
104-->[:arcore_client:] AndroidManifest.xml:41:13-62
105            android:configChanges="keyboardHidden|orientation|screenSize"
105-->[:arcore_client:] AndroidManifest.xml:42:13-74
106            android:excludeFromRecents="true"
106-->[:arcore_client:] AndroidManifest.xml:43:13-46
107            android:exported="false"
107-->[:arcore_client:] AndroidManifest.xml:44:13-37
108            android:launchMode="singleTop"
108-->[:arcore_client:] AndroidManifest.xml:45:13-43
109            android:theme="@android:style/Theme.Material.Light.Dialog.Alert" />
109-->[:arcore_client:] AndroidManifest.xml:46:13-77
110    </application>
111
112</manifest>